{"C:\\Users\\Lawrence\\Documents\\Codeperate\\tutor-guide-backend\\index.ts": {"path":"C:\\Users\\Lawrence\\Documents\\Codeperate\\tutor-guide-backend\\index.ts","statementMap":{"0":{"start":{"line":2,"column":26},"end":{"line":2,"column":40}},"1":{"start":{"line":3,"column":4},"end":{"line":3,"column":42}},"2":{"start":{"line":4,"column":4},"end":{"line":4,"column":17}},"3":{"start":{"line":1,"column":0},"end":{"line":1,"column":16}},"4":{"start":{"line":7,"column":2},"end":{"line":7,"column":22}}},"fnMap":{"0":{"name":"showTotal","decl":{"start":{"line":1,"column":16},"end":{"line":1,"column":25}},"loc":{"start":{"line":1,"column":55},"end":{"line":5,"column":3}}}},"branchMap":{},"s":{"0":2,"1":2,"2":2,"3":1,"4":1},"f":{"0":2},"b":{}}
}
